<?xml version="1.0" encoding="UTF-8"?>
<!-- Generated by org.testng.reporters.JUnitXMLReporter -->
<testsuite ignored="1" hostname="ddoddooo" failures="0" tests="1" name="Surefire test" time="8.072" errors="0" timestamp="2025-12-17T01:56:13 GMT+02:00">
  <testcase classname="eyouth.Login.LoginTests" name="noDataLogin" time="2.948"/>
  <testcase classname="eyouth.Login.LoginTests" name="invalidUsernameLogin" time="0.0">
    <ignored/>
  </testcase> <!-- invalidUsernameLogin -->
</testsuite> <!-- Surefire test -->
