<?xml version="1.0" encoding="UTF-8"?>
<!-- Generated by org.testng.reporters.JUnitXMLReporter -->
<testsuite ignored="0" hostname="ddoddooo" failures="1" tests="9" name="Surefire test" time="68.882" errors="0" timestamp="2025-12-20T15:12:00 GMT+02:00">
  <testcase classname="eyouth.CourseCard.CardTests" name="cardUITest" time="4.281"/>
  <testcase classname="eyouth.CourseDetails.CourseDetailsTests" name="checkCourseDetails" time="5.605"/>
  <testcase classname="eyouth.HomePage.SearchTests" name="searchWithValidKeyword" time="4.236"/>
  <testcase classname="eyouth.Login.LoginTests" name="invalidUsernameLogin" time="3.667"/>
  <testcase classname="eyouth.Login.LoginTests" name="noDataLogin" time="1.002"/>
  <testcase classname="eyouth.Login.LoginTests" name="validLogin" time="9.028"/>
  <testcase classname="eyouth.SignUp.SignupTests" name="joinUSTest" time="1.445">
    <failure type="java.lang.AssertionError" message="expected [true] but found [false]">
      <![CDATA[java.lang.AssertionError: expected [true] but found [false]
at eyouth.SignUp.SignupTests.joinUSTest(SignupTests.java:16)
at java.base/java.util.ArrayList.forEach(ArrayList.java:1511)
... Removed 36 stack frames]]>
    </failure>
  </testcase> <!-- joinUSTest -->
  <testcase classname="eyouth.SignUp.SignupTests" name="signupTest" time="5.209"/>
  <testcase classname="eyouth.SocialMedia.SocialMediaTests" name="socialTest" time="11.523"/>
</testsuite> <!-- Surefire test -->
