<?xml version="1.0" encoding="UTF-8"?>
<testng-results ignored="0" total="1" passed="1" failed="0" skipped="0">
  <reporter-output>
  </reporter-output>
  <suite started-at="2025-12-17T01:33:36 GMT+02:00" name="Surefire suite" finished-at="2025-12-17T01:33:44 GMT+02:00" duration-ms="8288">
    <groups>
    </groups>
    <test started-at="2025-12-17T01:33:36 GMT+02:00" name="Surefire test" finished-at="2025-12-17T01:33:44 GMT+02:00" duration-ms="8288">
      <class name="eyouth.Login.LoginTests">
        <test-method is-config="true" signature="setUp()[pri:0, instance:eyouth.Login.LoginTests@3745e5c6]" started-at="2025-12-17T01:33:36 GMT+02:00" name="setUp" finished-at="2025-12-17T01:33:37 GMT+02:00" duration-ms="1596" status="PASS">
          <reporter-output>
          </reporter-output>
        </test-method> <!-- setUp -->
        <test-method is-config="true" signature="goHome()[pri:0, instance:eyouth.Login.LoginTests@3745e5c6]" started-at="2025-12-17T01:33:38 GMT+02:00" name="goHome" finished-at="2025-12-17T01:33:39 GMT+02:00" duration-ms="1320" status="PASS">
          <reporter-output>
          </reporter-output>
        </test-method> <!-- goHome -->
        <test-method signature="invalidUsernameLogin(eyouth.Utils.LoginData)[pri:0, instance:eyouth.Login.LoginTests@3745e5c6]" started-at="2025-12-17T01:33:39 GMT+02:00" name="invalidUsernameLogin" data-provider="invalidCredentialsData" finished-at="2025-12-17T01:33:43 GMT+02:00" duration-ms="4478" status="PASS">
          <params>
            <param index="0">
              <value>
                <![CDATA[eyouth.Utils.LoginData@5b408dc3]]>
              </value>
            </param>
          </params>
          <reporter-output>
          </reporter-output>
        </test-method> <!-- invalidUsernameLogin -->
        <test-method is-config="true" signature="cleanTabs()[pri:0, instance:eyouth.Login.LoginTests@3745e5c6]" started-at="2025-12-17T01:33:43 GMT+02:00" name="cleanTabs" finished-at="2025-12-17T01:33:43 GMT+02:00" duration-ms="19" status="PASS">
          <reporter-output>
          </reporter-output>
        </test-method> <!-- cleanTabs -->
        <test-method is-config="true" signature="tearDown()[pri:0, instance:eyouth.Login.LoginTests@3745e5c6]" started-at="2025-12-17T01:33:43 GMT+02:00" name="tearDown" finished-at="2025-12-17T01:33:44 GMT+02:00" duration-ms="700" status="PASS">
          <reporter-output>
          </reporter-output>
        </test-method> <!-- tearDown -->
      </class> <!-- eyouth.Login.LoginTests -->
    </test> <!-- Surefire test -->
  </suite> <!-- Surefire suite -->
</testng-results>
