-------------------------------------------------------------------------------
Test set: TestSuite
-------------------------------------------------------------------------------
Tests run: 9, Failures: 1, Errors: 0, Skipped: 0, Time elapsed: 70.535 s <<< FAILURE! - in TestSuite
joinUSTest(eyouth.SignUp.SignupTests)  Time elapsed: 1.472 s  <<< FAILURE!
java.lang.AssertionError: expected [true] but found [false]
	at eyouth.SignUp.SignupTests.joinUSTest(SignupTests.java:16)

