<?xml version="1.0" encoding="UTF-8"?>
<testng-results ignored="0" total="1" passed="1" failed="0" skipped="0">
  <reporter-output>
  </reporter-output>
  <suite started-at="2025-12-19T22:45:29 GMT+02:00" name="Surefire suite" finished-at="2025-12-19T22:46:02 GMT+02:00" duration-ms="33495">
    <groups>
    </groups>
    <test started-at="2025-12-19T22:45:29 GMT+02:00" name="Surefire test" finished-at="2025-12-19T22:46:02 GMT+02:00" duration-ms="33495">
      <class name="eyouth.SocialMedia.SocialMediaTests">
        <test-method is-config="true" signature="setUp()[pri:0, instance:eyouth.SocialMedia.SocialMediaTests@14bae047]" started-at="2025-12-19T22:45:29 GMT+02:00" name="setUp" finished-at="2025-12-19T22:45:33 GMT+02:00" duration-ms="4420" status="PASS">
          <reporter-output>
          </reporter-output>
        </test-method> <!-- setUp -->
        <test-method is-config="true" signature="goHome()[pri:0, instance:eyouth.SocialMedia.SocialMediaTests@14bae047]" started-at="2025-12-19T22:45:33 GMT+02:00" name="goHome" finished-at="2025-12-19T22:45:34 GMT+02:00" duration-ms="691" status="PASS">
          <reporter-output>
          </reporter-output>
        </test-method> <!-- goHome -->
        <test-method signature="socialTest()[pri:0, instance:eyouth.SocialMedia.SocialMediaTests@14bae047]" started-at="2025-12-19T22:45:35 GMT+02:00" name="socialTest" finished-at="2025-12-19T22:45:59 GMT+02:00" duration-ms="23777" status="PASS">
          <reporter-output>
          </reporter-output>
        </test-method> <!-- socialTest -->
        <test-method is-config="true" signature="cleanTabs()[pri:0, instance:eyouth.SocialMedia.SocialMediaTests@14bae047]" started-at="2025-12-19T22:45:59 GMT+02:00" name="cleanTabs" finished-at="2025-12-19T22:45:59 GMT+02:00" duration-ms="234" status="PASS">
          <reporter-output>
          </reporter-output>
        </test-method> <!-- cleanTabs -->
        <test-method is-config="true" signature="tearDown()[pri:0, instance:eyouth.SocialMedia.SocialMediaTests@14bae047]" started-at="2025-12-19T22:45:59 GMT+02:00" name="tearDown" finished-at="2025-12-19T22:46:02 GMT+02:00" duration-ms="3087" status="PASS">
          <reporter-output>
          </reporter-output>
        </test-method> <!-- tearDown -->
      </class> <!-- eyouth.SocialMedia.SocialMediaTests -->
    </test> <!-- Surefire test -->
  </suite> <!-- Surefire suite -->
</testng-results>
