<?xml version="1.0" encoding="UTF-8"?>
<testng-results ignored="0" total="9" passed="8" failed="1" skipped="0">
  <reporter-output>
  </reporter-output>
  <suite started-at="2025-12-20T15:10:51 GMT+02:00" name="Surefire suite" finished-at="2025-12-20T15:12:00 GMT+02:00" duration-ms="68882">
    <groups>
    </groups>
    <test started-at="2025-12-20T15:10:51 GMT+02:00" name="Surefire test" finished-at="2025-12-20T15:12:00 GMT+02:00" duration-ms="68882">
      <class name="eyouth.CourseDetails.CourseDetailsTests">
        <test-method is-config="true" signature="setUp()[pri:0, instance:eyouth.CourseDetails.CourseDetailsTests@5173200b]" started-at="2025-12-20T15:11:01 GMT+02:00" name="setUp" finished-at="2025-12-20T15:11:02 GMT+02:00" duration-ms="917" status="PASS">
          <reporter-output>
          </reporter-output>
        </test-method> <!-- setUp -->
        <test-method is-config="true" signature="goHome()[pri:0, instance:eyouth.CourseDetails.CourseDetailsTests@5173200b]" started-at="2025-12-20T15:11:02 GMT+02:00" name="goHome" finished-at="2025-12-20T15:11:04 GMT+02:00" duration-ms="1365" status="PASS">
          <reporter-output>
          </reporter-output>
        </test-method> <!-- goHome -->
        <test-method signature="checkCourseDetails()[pri:0, instance:eyouth.CourseDetails.CourseDetailsTests@5173200b]" started-at="2025-12-20T15:11:04 GMT+02:00" name="checkCourseDetails" finished-at="2025-12-20T15:11:09 GMT+02:00" duration-ms="5605" status="PASS">
          <reporter-output>
          </reporter-output>
        </test-method> <!-- checkCourseDetails -->
        <test-method is-config="true" signature="cleanTabs()[pri:0, instance:eyouth.CourseDetails.CourseDetailsTests@5173200b]" started-at="2025-12-20T15:11:09 GMT+02:00" name="cleanTabs" finished-at="2025-12-20T15:11:09 GMT+02:00" duration-ms="14" status="PASS">
          <reporter-output>
          </reporter-output>
        </test-method> <!-- cleanTabs -->
        <test-method is-config="true" signature="tearDown()[pri:0, instance:eyouth.CourseDetails.CourseDetailsTests@5173200b]" started-at="2025-12-20T15:11:09 GMT+02:00" name="tearDown" finished-at="2025-12-20T15:11:09 GMT+02:00" duration-ms="261" status="PASS">
          <reporter-output>
          </reporter-output>
        </test-method> <!-- tearDown -->
      </class> <!-- eyouth.CourseDetails.CourseDetailsTests -->
      <class name="eyouth.Login.LoginTests">
        <test-method is-config="true" signature="setUp()[pri:0, instance:eyouth.Login.LoginTests@378bd86d]" started-at="2025-12-20T15:11:16 GMT+02:00" name="setUp" finished-at="2025-12-20T15:11:17 GMT+02:00" duration-ms="956" status="PASS">
          <reporter-output>
          </reporter-output>
        </test-method> <!-- setUp -->
        <test-method is-config="true" signature="goHome()[pri:0, instance:eyouth.Login.LoginTests@378bd86d]" started-at="2025-12-20T15:11:18 GMT+02:00" name="goHome" finished-at="2025-12-20T15:11:19 GMT+02:00" duration-ms="1446" status="PASS">
          <reporter-output>
          </reporter-output>
        </test-method> <!-- goHome -->
        <test-method signature="invalidUsernameLogin(eyouth.Utils.LoginData)[pri:0, instance:eyouth.Login.LoginTests@378bd86d]" started-at="2025-12-20T15:11:19 GMT+02:00" name="invalidUsernameLogin" data-provider="invalidCredentialsData" finished-at="2025-12-20T15:11:23 GMT+02:00" duration-ms="3667" status="PASS">
          <params>
            <param index="0">
              <value>
                <![CDATA[eyouth.Utils.LoginData@6ad6443]]>
              </value>
            </param>
          </params>
          <reporter-output>
          </reporter-output>
        </test-method> <!-- invalidUsernameLogin -->
        <test-method is-config="true" signature="cleanTabs()[pri:0, instance:eyouth.Login.LoginTests@378bd86d]" started-at="2025-12-20T15:11:23 GMT+02:00" name="cleanTabs" finished-at="2025-12-20T15:11:23 GMT+02:00" duration-ms="11" status="PASS">
          <reporter-output>
          </reporter-output>
        </test-method> <!-- cleanTabs -->
        <test-method is-config="true" signature="goHome()[pri:0, instance:eyouth.Login.LoginTests@378bd86d]" started-at="2025-12-20T15:11:23 GMT+02:00" name="goHome" finished-at="2025-12-20T15:11:23 GMT+02:00" duration-ms="635" status="PASS">
          <reporter-output>
          </reporter-output>
        </test-method> <!-- goHome -->
        <test-method signature="noDataLogin(eyouth.Utils.LoginData)[pri:0, instance:eyouth.Login.LoginTests@378bd86d]" started-at="2025-12-20T15:11:23 GMT+02:00" name="noDataLogin" data-provider="missingLoginData" finished-at="2025-12-20T15:11:24 GMT+02:00" duration-ms="1002" status="PASS">
          <params>
            <param index="0">
              <value>
                <![CDATA[eyouth.Utils.LoginData@9690008]]>
              </value>
            </param>
          </params>
          <reporter-output>
          </reporter-output>
        </test-method> <!-- noDataLogin -->
        <test-method is-config="true" signature="cleanTabs()[pri:0, instance:eyouth.Login.LoginTests@378bd86d]" started-at="2025-12-20T15:11:24 GMT+02:00" name="cleanTabs" finished-at="2025-12-20T15:11:24 GMT+02:00" duration-ms="10" status="PASS">
          <reporter-output>
          </reporter-output>
        </test-method> <!-- cleanTabs -->
        <test-method is-config="true" signature="goHome()[pri:0, instance:eyouth.Login.LoginTests@378bd86d]" started-at="2025-12-20T15:11:24 GMT+02:00" name="goHome" finished-at="2025-12-20T15:11:25 GMT+02:00" duration-ms="510" status="PASS">
          <reporter-output>
          </reporter-output>
        </test-method> <!-- goHome -->
        <test-method signature="validLogin(eyouth.Utils.LoginData)[pri:0, instance:eyouth.Login.LoginTests@378bd86d]" started-at="2025-12-20T15:11:25 GMT+02:00" name="validLogin" data-provider="validData" finished-at="2025-12-20T15:11:34 GMT+02:00" duration-ms="9028" status="PASS">
          <params>
            <param index="0">
              <value>
                <![CDATA[eyouth.Utils.LoginData@2e362407]]>
              </value>
            </param>
          </params>
          <reporter-output>
          </reporter-output>
        </test-method> <!-- validLogin -->
        <test-method is-config="true" signature="cleanTabs()[pri:0, instance:eyouth.Login.LoginTests@378bd86d]" started-at="2025-12-20T15:11:34 GMT+02:00" name="cleanTabs" finished-at="2025-12-20T15:11:34 GMT+02:00" duration-ms="14" status="PASS">
          <reporter-output>
          </reporter-output>
        </test-method> <!-- cleanTabs -->
        <test-method is-config="true" signature="tearDown()[pri:0, instance:eyouth.Login.LoginTests@378bd86d]" started-at="2025-12-20T15:11:34 GMT+02:00" name="tearDown" finished-at="2025-12-20T15:11:34 GMT+02:00" duration-ms="274" status="PASS">
          <reporter-output>
          </reporter-output>
        </test-method> <!-- tearDown -->
      </class> <!-- eyouth.Login.LoginTests -->
      <class name="eyouth.HomePage.SearchTests">
        <test-method is-config="true" signature="setUp()[pri:0, instance:eyouth.HomePage.SearchTests@25c5e994]" started-at="2025-12-20T15:11:09 GMT+02:00" name="setUp" finished-at="2025-12-20T15:11:10 GMT+02:00" duration-ms="792" status="PASS">
          <reporter-output>
          </reporter-output>
        </test-method> <!-- setUp -->
        <test-method is-config="true" signature="goHome()[pri:0, instance:eyouth.HomePage.SearchTests@25c5e994]" started-at="2025-12-20T15:11:10 GMT+02:00" name="goHome" finished-at="2025-12-20T15:11:12 GMT+02:00" duration-ms="1333" status="PASS">
          <reporter-output>
          </reporter-output>
        </test-method> <!-- goHome -->
        <test-method signature="searchWithValidKeyword()[pri:0, instance:eyouth.HomePage.SearchTests@25c5e994]" started-at="2025-12-20T15:11:12 GMT+02:00" name="searchWithValidKeyword" finished-at="2025-12-20T15:11:16 GMT+02:00" duration-ms="4236" status="PASS">
          <reporter-output>
          </reporter-output>
        </test-method> <!-- searchWithValidKeyword -->
        <test-method is-config="true" signature="cleanTabs()[pri:0, instance:eyouth.HomePage.SearchTests@25c5e994]" started-at="2025-12-20T15:11:16 GMT+02:00" name="cleanTabs" finished-at="2025-12-20T15:11:16 GMT+02:00" duration-ms="13" status="PASS">
          <reporter-output>
          </reporter-output>
        </test-method> <!-- cleanTabs -->
        <test-method is-config="true" signature="tearDown()[pri:0, instance:eyouth.HomePage.SearchTests@25c5e994]" started-at="2025-12-20T15:11:16 GMT+02:00" name="tearDown" finished-at="2025-12-20T15:11:16 GMT+02:00" duration-ms="431" status="PASS">
          <reporter-output>
          </reporter-output>
        </test-method> <!-- tearDown -->
      </class> <!-- eyouth.HomePage.SearchTests -->
      <class name="eyouth.SocialMedia.SocialMediaTests">
        <test-method is-config="true" signature="setUp()[pri:0, instance:eyouth.SocialMedia.SocialMediaTests@69b2f8e5]" started-at="2025-12-20T15:11:45 GMT+02:00" name="setUp" finished-at="2025-12-20T15:11:46 GMT+02:00" duration-ms="985" status="PASS">
          <reporter-output>
          </reporter-output>
        </test-method> <!-- setUp -->
        <test-method is-config="true" signature="goHome()[pri:0, instance:eyouth.SocialMedia.SocialMediaTests@69b2f8e5]" started-at="2025-12-20T15:11:46 GMT+02:00" name="goHome" finished-at="2025-12-20T15:11:48 GMT+02:00" duration-ms="1632" status="PASS">
          <reporter-output>
          </reporter-output>
        </test-method> <!-- goHome -->
        <test-method signature="socialTest()[pri:0, instance:eyouth.SocialMedia.SocialMediaTests@69b2f8e5]" started-at="2025-12-20T15:11:48 GMT+02:00" name="socialTest" finished-at="2025-12-20T15:11:59 GMT+02:00" duration-ms="11523" status="PASS">
          <reporter-output>
          </reporter-output>
        </test-method> <!-- socialTest -->
        <test-method is-config="true" signature="cleanTabs()[pri:0, instance:eyouth.SocialMedia.SocialMediaTests@69b2f8e5]" started-at="2025-12-20T15:11:59 GMT+02:00" name="cleanTabs" finished-at="2025-12-20T15:11:59 GMT+02:00" duration-ms="26" status="PASS">
          <reporter-output>
          </reporter-output>
        </test-method> <!-- cleanTabs -->
        <test-method is-config="true" signature="tearDown()[pri:0, instance:eyouth.SocialMedia.SocialMediaTests@69b2f8e5]" started-at="2025-12-20T15:11:59 GMT+02:00" name="tearDown" finished-at="2025-12-20T15:12:00 GMT+02:00" duration-ms="340" status="PASS">
          <reporter-output>
          </reporter-output>
        </test-method> <!-- tearDown -->
      </class> <!-- eyouth.SocialMedia.SocialMediaTests -->
      <class name="eyouth.SignUp.SignupTests">
        <test-method is-config="true" signature="setUp()[pri:0, instance:eyouth.SignUp.SignupTests@2189e7a7]" started-at="2025-12-20T15:11:34 GMT+02:00" name="setUp" finished-at="2025-12-20T15:11:35 GMT+02:00" duration-ms="830" status="PASS">
          <reporter-output>
          </reporter-output>
        </test-method> <!-- setUp -->
        <test-method is-config="true" signature="goHome()[pri:0, instance:eyouth.SignUp.SignupTests@2189e7a7]" started-at="2025-12-20T15:11:35 GMT+02:00" name="goHome" finished-at="2025-12-20T15:11:37 GMT+02:00" duration-ms="1566" status="PASS">
          <reporter-output>
          </reporter-output>
        </test-method> <!-- goHome -->
        <test-method signature="joinUSTest()[pri:0, instance:eyouth.SignUp.SignupTests@2189e7a7]" started-at="2025-12-20T15:11:37 GMT+02:00" name="joinUSTest" finished-at="2025-12-20T15:11:38 GMT+02:00" duration-ms="1445" status="FAIL">
          <exception class="java.lang.AssertionError">
            <message>
              <![CDATA[expected [true] but found [false]]]>
            </message>
            <full-stacktrace>
              <![CDATA[java.lang.AssertionError: expected [true] but found [false]
at org.testng.Assert.fail(Assert.java:111)
at org.testng.Assert.failNotEquals(Assert.java:1578)
at org.testng.Assert.assertTrue(Assert.java:57)
at org.testng.Assert.assertTrue(Assert.java:67)
at eyouth.SignUp.SignupTests.joinUSTest(SignupTests.java:16)
at java.base/jdk.internal.reflect.NativeMethodAccessorImpl.invoke0(Native Method)
at java.base/jdk.internal.reflect.NativeMethodAccessorImpl.invoke(NativeMethodAccessorImpl.java:77)
at java.base/jdk.internal.reflect.DelegatingMethodAccessorImpl.invoke(DelegatingMethodAccessorImpl.java:43)
at java.base/java.lang.reflect.Method.invoke(Method.java:568)
at org.testng.internal.invokers.MethodInvocationHelper.invokeMethod(MethodInvocationHelper.java:141)
at org.testng.internal.invokers.TestInvoker.invokeMethod(TestInvoker.java:686)
at org.testng.internal.invokers.TestInvoker.invokeTestMethod(TestInvoker.java:230)
at org.testng.internal.invokers.MethodRunner.runInSequence(MethodRunner.java:63)
at org.testng.internal.invokers.TestInvoker$MethodInvocationAgent.invoke(TestInvoker.java:992)
at org.testng.internal.invokers.TestInvoker.invokeTestMethods(TestInvoker.java:203)
at org.testng.internal.invokers.TestMethodWorker.invokeTestMethods(TestMethodWorker.java:154)
at org.testng.internal.invokers.TestMethodWorker.run(TestMethodWorker.java:134)
at java.base/java.util.ArrayList.forEach(ArrayList.java:1511)
at org.testng.TestRunner.privateRun(TestRunner.java:739)
at org.testng.TestRunner.run(TestRunner.java:614)
at org.testng.SuiteRunner.runTest(SuiteRunner.java:421)
at org.testng.SuiteRunner.runSequentially(SuiteRunner.java:413)
at org.testng.SuiteRunner.privateRun(SuiteRunner.java:373)
at org.testng.SuiteRunner.run(SuiteRunner.java:312)
at org.testng.SuiteRunnerWorker.runSuite(SuiteRunnerWorker.java:52)
at org.testng.SuiteRunnerWorker.run(SuiteRunnerWorker.java:95)
at org.testng.TestNG.runSuitesSequentially(TestNG.java:1274)
at org.testng.TestNG.runSuitesLocally(TestNG.java:1208)
at org.testng.TestNG.runSuites(TestNG.java:1112)
at org.testng.TestNG.run(TestNG.java:1079)
at org.apache.maven.surefire.testng.TestNGExecutor.run(TestNGExecutor.java:135)
at org.apache.maven.surefire.testng.TestNGDirectoryTestSuite.executeMulti(TestNGDirectoryTestSuite.java:193)
at org.apache.maven.surefire.testng.TestNGDirectoryTestSuite.execute(TestNGDirectoryTestSuite.java:94)
at org.apache.maven.surefire.testng.TestNGProvider.invoke(TestNGProvider.java:146)
at org.apache.maven.surefire.booter.ForkedBooter.invokeProviderInSameClassLoader(ForkedBooter.java:384)
at org.apache.maven.surefire.booter.ForkedBooter.runSuitesInProcess(ForkedBooter.java:345)
at org.apache.maven.surefire.booter.ForkedBooter.execute(ForkedBooter.java:126)
at org.apache.maven.surefire.booter.ForkedBooter.main(ForkedBooter.java:418)
]]>
            </full-stacktrace>
          </exception> <!-- java.lang.AssertionError -->
          <reporter-output>
          </reporter-output>
        </test-method> <!-- joinUSTest -->
        <test-method is-config="true" signature="cleanTabs()[pri:0, instance:eyouth.SignUp.SignupTests@2189e7a7]" started-at="2025-12-20T15:11:38 GMT+02:00" name="cleanTabs" finished-at="2025-12-20T15:11:38 GMT+02:00" duration-ms="11" status="PASS">
          <reporter-output>
          </reporter-output>
        </test-method> <!-- cleanTabs -->
        <test-method is-config="true" signature="goHome()[pri:0, instance:eyouth.SignUp.SignupTests@2189e7a7]" started-at="2025-12-20T15:11:38 GMT+02:00" name="goHome" finished-at="2025-12-20T15:11:40 GMT+02:00" duration-ms="1540" status="PASS">
          <reporter-output>
          </reporter-output>
        </test-method> <!-- goHome -->
        <test-method signature="signupTest()[pri:0, instance:eyouth.SignUp.SignupTests@2189e7a7]" started-at="2025-12-20T15:11:40 GMT+02:00" name="signupTest" finished-at="2025-12-20T15:11:45 GMT+02:00" duration-ms="5209" status="PASS">
          <reporter-output>
          </reporter-output>
        </test-method> <!-- signupTest -->
        <test-method is-config="true" signature="cleanTabs()[pri:0, instance:eyouth.SignUp.SignupTests@2189e7a7]" started-at="2025-12-20T15:11:45 GMT+02:00" name="cleanTabs" finished-at="2025-12-20T15:11:45 GMT+02:00" duration-ms="10" status="PASS">
          <reporter-output>
          </reporter-output>
        </test-method> <!-- cleanTabs -->
        <test-method is-config="true" signature="tearDown()[pri:0, instance:eyouth.SignUp.SignupTests@2189e7a7]" started-at="2025-12-20T15:11:45 GMT+02:00" name="tearDown" finished-at="2025-12-20T15:11:45 GMT+02:00" duration-ms="272" status="PASS">
          <reporter-output>
          </reporter-output>
        </test-method> <!-- tearDown -->
      </class> <!-- eyouth.SignUp.SignupTests -->
      <class name="eyouth.CourseCard.CardTests">
        <test-method is-config="true" signature="setUp()[pri:0, instance:eyouth.CourseCard.CardTests@56781d96]" started-at="2025-12-20T15:10:51 GMT+02:00" name="setUp" finished-at="2025-12-20T15:10:55 GMT+02:00" duration-ms="3741" status="PASS">
          <reporter-output>
          </reporter-output>
        </test-method> <!-- setUp -->
        <test-method is-config="true" signature="goHome()[pri:0, instance:eyouth.CourseCard.CardTests@56781d96]" started-at="2025-12-20T15:10:55 GMT+02:00" name="goHome" finished-at="2025-12-20T15:10:56 GMT+02:00" duration-ms="1517" status="PASS">
          <reporter-output>
          </reporter-output>
        </test-method> <!-- goHome -->
        <test-method signature="cardUITest()[pri:0, instance:eyouth.CourseCard.CardTests@56781d96]" started-at="2025-12-20T15:10:56 GMT+02:00" name="cardUITest" finished-at="2025-12-20T15:11:01 GMT+02:00" duration-ms="4281" status="PASS">
          <reporter-output>
          </reporter-output>
        </test-method> <!-- cardUITest -->
        <test-method is-config="true" signature="cleanTabs()[pri:0, instance:eyouth.CourseCard.CardTests@56781d96]" started-at="2025-12-20T15:11:01 GMT+02:00" name="cleanTabs" finished-at="2025-12-20T15:11:01 GMT+02:00" duration-ms="24" status="PASS">
          <reporter-output>
          </reporter-output>
        </test-method> <!-- cleanTabs -->
        <test-method is-config="true" signature="tearDown()[pri:0, instance:eyouth.CourseCard.CardTests@56781d96]" started-at="2025-12-20T15:11:01 GMT+02:00" name="tearDown" finished-at="2025-12-20T15:11:01 GMT+02:00" duration-ms="554" status="PASS">
          <reporter-output>
          </reporter-output>
        </test-method> <!-- tearDown -->
      </class> <!-- eyouth.CourseCard.CardTests -->
    </test> <!-- Surefire test -->
  </suite> <!-- Surefire suite -->
</testng-results>
