<?xml version="1.0" encoding="UTF-8"?>
<!-- Generated by org.testng.reporters.JUnitReportReporter -->
<testsuite hostname="ddoddooo" failures="0" tests="3" name="eyouth.Login.LoginTests" time="16.323" errors="0" timestamp="2025-12-20T15:12:00 GMT+02:00" skipped="0">
  <testcase classname="eyouth.Login.LoginTests" name="invalidUsernameLogin" time="4.316"/>
  <testcase classname="eyouth.Login.LoginTests" name="noDataLogin" time="1.523"/>
  <testcase classname="eyouth.Login.LoginTests" name="validLogin" time="10.484"/>
</testsuite> <!-- eyouth.Login.LoginTests -->
